app/build/outputs/logs/manifest-merger-debug-report.txt
-- Merging decision tree log ---
manifest
ADDED from src/main/AndroidManifest.xml:2:1-53:12
	xmlns:tools
		ADDED from src/main/AndroidManifest.xml:3:5-51
	xmlns:android
		ADDED from src/main/AndroidManifest.xml:2:11-69
	package
		ADDED from src/main/AndroidManifest.xml:4:5-40
		INJECTED from src/main/AndroidManifest.xml
		INJECTED from src/main/AndroidManifest.xml
	android:versionName
		INJECTED from src/main/AndroidManifest.xml
		INJECTED from src/main/AndroidManifest.xml
	android:versionCode
		INJECTED from src/main/AndroidManifest.xml
		INJECTED from src/main/AndroidManifest.xml
uses-permission#android.permission.INTERNET
ADDED from src/main/AndroidManifest.xml:6:5-67
	android:name
		ADDED from src/main/AndroidManifest.xml:6:22-64
uses-permission#android.permission.ACCESS_NETWORK_STATE
ADDED from src/main/AndroidManifest.xml:7:5-79
	android:name
		ADDED from src/main/AndroidManifest.xml:7:22-76
uses-permission#android.permission.ACCESS_FINE_LOCATION
ADDED from src/main/AndroidManifest.xml:8:5-79
	android:name
		ADDED from src/main/AndroidManifest.xml:8:22-76
uses-permission#android.permission.WRITE_EXTERNAL_STORAGE
ADDED from src/main/AndroidManifest.xml:9:5-81
	android:name
		ADDED from src/main/AndroidManifest.xml:9:22-78
application
ADDED from src/main/AndroidManifest.xml:11:5-51:19
MERGED from [com.android.support:appcompat-v7:22.2.1] AndroidManifest.xml:22:5-20
MERGED from [com.android.support:support-v4:22.2.1] AndroidManifest.xml:22:5-20
MERGED from [com.google.android.gms:play-services:6.5.87] AndroidManifest.xml:20:5-24:19
MERGED from [com.android.support:support-v4:22.2.1] AndroidManifest.xml:22:5-20
MERGED from [com.github.castorflex.smoothprogressbar:library:1.1.0] AndroidManifest.xml:12:5-20
MERGED from [com.github.dmytrodanylyk.circular-progress-button:library:1.1.3] AndroidManifest.xml:12:5-20
MERGED from [cn.pedant.sweetalert:library:1.3] AndroidManifest.xml:11:5-20
MERGED from [com.pnikosis:materialish-progress:1.0] AndroidManifest.xml:11:5-15:19
MERGED from [com.android.support:appcompat-v7:22.2.1] AndroidManifest.xml:22:5-20
MERGED from [com.android.support:support-v4:22.2.1] AndroidManifest.xml:22:5-20
	android:supportsRtl
		ADDED from src/main/AndroidManifest.xml:17:9-35
	android:label
		ADDED from src/main/AndroidManifest.xml:16:9-41
	android:allowBackup
		ADDED from src/main/AndroidManifest.xml:14:9-35
	android:icon
		ADDED from src/main/AndroidManifest.xml:15:9-43
		REJECTED from [com.pnikosis:materialish-progress:1.0] AndroidManifest.xml:13:9-45
	android:theme
		ADDED from src/main/AndroidManifest.xml:18:9-40
	tools:replace
		ADDED from src/main/AndroidManifest.xml:19:9-37
	android:clearTaskOnLaunch
		ADDED from src/main/AndroidManifest.xml:13:9-42
	android:name
		ADDED from src/main/AndroidManifest.xml:12:9-41
activity#com.tropicthunder.sticket.LoginActivity
ADDED from src/main/AndroidManifest.xml:20:9-23:20
	android:screenOrientation
		ADDED from src/main/AndroidManifest.xml:22:13-49
	android:name
		ADDED from src/main/AndroidManifest.xml:21:13-42
activity#com.tropicthunder.sticket.SignUpActivity
ADDED from src/main/AndroidManifest.xml:24:9-27:20
	android:screenOrientation
		ADDED from src/main/AndroidManifest.xml:26:13-49
	android:name
		ADDED from src/main/AndroidManifest.xml:25:13-43
activity#com.tropicthunder.sticket.MainActivity
ADDED from src/main/AndroidManifest.xml:28:9-31:20
	android:screenOrientation
		ADDED from src/main/AndroidManifest.xml:30:13-49
	android:name
		ADDED from src/main/AndroidManifest.xml:29:13-41
activity#com.tropicthunder.sticket.CheckUser
ADDED from src/main/AndroidManifest.xml:32:9-40:20
	android:screenOrientation
		ADDED from src/main/AndroidManifest.xml:34:13-49
	android:name
		ADDED from src/main/AndroidManifest.xml:33:13-38
intent-filter#android.intent.action.MAIN+android.intent.category.LAUNCHER
ADDED from src/main/AndroidManifest.xml:35:13-39:29
action#android.intent.action.MAIN
ADDED from src/main/AndroidManifest.xml:36:17-69
	android:name
		ADDED from src/main/AndroidManifest.xml:36:25-66
category#android.intent.category.LAUNCHER
ADDED from src/main/AndroidManifest.xml:38:17-77
	android:name
		ADDED from src/main/AndroidManifest.xml:38:27-74
meta-data#com.google.android.geo.API_KEY
ADDED from src/main/AndroidManifest.xml:42:9-44:71
	android:name
		ADDED from src/main/AndroidManifest.xml:43:13-58
	android:value
		ADDED from src/main/AndroidManifest.xml:44:13-68
activity#com.tropicthunder.sticket.PaidCountdown
ADDED from src/main/AndroidManifest.xml:46:9-47:20
	android:name
		ADDED from src/main/AndroidManifest.xml:46:19-48
activity#com.tropicthunder.sticket.CreditActivity
ADDED from src/main/AndroidManifest.xml:48:9-49:20
	android:name
		ADDED from src/main/AndroidManifest.xml:48:19-49
uses-sdk
INJECTED from src/main/AndroidManifest.xml reason: use-sdk injection requested
MERGED from [com.android.support:appcompat-v7:22.2.1] AndroidManifest.xml:20:5-43
MERGED from [com.android.support:support-v4:22.2.1] AndroidManifest.xml:20:5-43
MERGED from [com.google.android.gms:play-services:6.5.87] AndroidManifest.xml:18:5-42
MERGED from [com.android.support:support-v4:22.2.1] AndroidManifest.xml:20:5-43
MERGED from [com.github.castorflex.smoothprogressbar:library:1.1.0] AndroidManifest.xml:8:5-10:41
MERGED from [com.github.dmytrodanylyk.circular-progress-button:library:1.1.3] AndroidManifest.xml:8:5-10:41
MERGED from [cn.pedant.sweetalert:library:1.3] AndroidManifest.xml:7:5-9:41
MERGED from [com.pnikosis:materialish-progress:1.0] AndroidManifest.xml:7:5-9:41
MERGED from [com.android.support:appcompat-v7:22.2.1] AndroidManifest.xml:20:5-43
MERGED from [com.android.support:support-v4:22.2.1] AndroidManifest.xml:20:5-43
	android:targetSdkVersion
		INJECTED from src/main/AndroidManifest.xml
		INJECTED from src/main/AndroidManifest.xml
	android:minSdkVersion
		INJECTED from src/main/AndroidManifest.xml
		INJECTED from src/main/AndroidManifest.xml
meta-data#com.google.android.gms.version
ADDED from [com.google.android.gms:play-services:6.5.87] AndroidManifest.xml:21:9-23:69
	android:name
		ADDED from [com.google.android.gms:play-services:6.5.87] AndroidManifest.xml:22:13-58
	android:value
		ADDED from [com.google.android.gms:play-services:6.5.87] AndroidManifest.xml:23:13-66